Using model 'logistic'...
Model deserialized from path '../data/generated/output/logistic/model-serialized-logistic.pkl'


../data/images/test/A.jpg	test
Resizing image to 100...
Done!
Making background black...
Done!
Making skin white...
Done!
Removing arm...
Done!
Drawing contour around white color...
Done!
Centering the image...
Done!
Resizing image to 30...
Done!
Predicted label = A
Incorrect prediction!!


../data/images/test/B.jpg	test
Resizing image to 100...
Done!
Making background black...
Done!
Making skin white...
Done!
Removing arm...
Done!
Drawing contour around white color...
Done!
Centering the image...
Done!
Resizing image to 30...
Done!
Predicted label = B
Incorrect prediction!!


../data/images/test/C.jpg	test
Resizing image to 100...
Done!
Making background black...
Done!
Making skin white...
Done!
Removing arm...
Done!
Drawing contour around white color...
Done!
Centering the image...
Done!
Resizing image to 30...
Done!
Predicted label = C
Incorrect prediction!!


../data/images/test/E.jpg	test
Resizing image to 100...
Done!
Making background black...
Done!
Making skin white...
Done!
Removing arm...
Done!
Drawing contour around white color...
Done!
Centering the image...
Done!
Resizing image to 30...
Done!
Predicted label = E
Incorrect prediction!!


../data/images/test/D.jpg	test
Resizing image to 100...
Done!
Making background black...
Done!
Making skin white...
Done!
Removing arm...
Done!
Drawing contour around white color...
Done!
Centering the image...
Error while applying image transformation on image path '../data/images/test/D.jpg' with the following exception trace:
Traceback (most recent call last):
  File "./predict_from_file.py", line 32, in main
    frame = apply_image_transformation(frame)
  File "/home/saif/Desktop/Minor/code/common/image_transformation.py", line 172, in apply_image_transformation
    frame = centre_frame(frame, contour_dimensions)
  File "/home/saif/Desktop/Minor/code/common/image_transformation.py", line 159, in centre_frame
    raise Exception(log_message)
Exception: No contour found!!



../data/images/test/O/001.jpg	O
Resizing image to 100...
Done!
Making background black...
Done!
Making skin white...
Done!
Removing arm...
Done!
Drawing contour around white color...
Done!
Centering the image...
Done!
Resizing image to 30...
Done!
Predicted label = O


../data/images/test/E/001.jpg	E
Resizing image to 100...
Done!
Making background black...
Done!
Making skin white...
Done!
Removing arm...
Done!
Drawing contour around white color...
Done!
Centering the image...
Done!
Resizing image to 30...
Done!
Predicted label = E


../data/images/test/S/001.jpg	S
Resizing image to 100...
Done!
Making background black...
Done!
Making skin white...
Done!
Removing arm...
Done!
Drawing contour around white color...
Done!
Centering the image...
Done!
Resizing image to 30...
Done!
Predicted label = S


../data/images/test/G/001.jpg	G
Resizing image to 100...
Done!
Making background black...
Done!
Making skin white...
Done!
Removing arm...
Done!
Drawing contour around white color...
Done!
Centering the image...
Done!
Resizing image to 30...
Done!
Predicted label = G


../data/images/test/C/001.jpg	C
Resizing image to 100...
Done!
Making background black...
Done!
Making skin white...
Done!
Removing arm...
Done!
Drawing contour around white color...
Done!
Centering the image...
Done!
Resizing image to 30...
Done!
Predicted label = C


../data/images/test/I/001.jpg	I
Resizing image to 100...
Done!
Making background black...
Done!
Making skin white...
Done!
Removing arm...
Done!
Drawing contour around white color...
Done!
Centering the image...
Done!
Resizing image to 30...
Done!
Predicted label = I


../data/images/test/W/001.jpg	W
Resizing image to 100...
Done!
Making background black...
Done!
Making skin white...
Done!
Removing arm...
Done!
Drawing contour around white color...
Done!
Centering the image...
Done!
Resizing image to 30...
Done!
Predicted label = W


../data/images/test/M/001.jpg	M
Resizing image to 100...
Done!
Making background black...
Done!
Making skin white...
Done!
Removing arm...
Done!
Drawing contour around white color...
Done!
Centering the image...
Done!
Resizing image to 30...
Done!
Predicted label = M


../data/images/test/N/001.jpg	N
Resizing image to 100...
Done!
Making background black...
Done!
Making skin white...
Done!
Removing arm...
Done!
Drawing contour around white color...
Done!
Centering the image...
Done!
Resizing image to 30...
Done!
Predicted label = N


../data/images/test/V/001.jpg	V
Resizing image to 100...
Done!
Making background black...
Done!
Making skin white...
Done!
Removing arm...
Done!
Drawing contour around white color...
Done!
Centering the image...
Done!
Resizing image to 30...
Done!
Predicted label = V


../data/images/test/P/001.jpg	P
Resizing image to 100...
Done!
Making background black...
Done!
Making skin white...
Done!
Removing arm...
Done!
Drawing contour around white color...
Done!
Centering the image...
Done!
Resizing image to 30...
Done!
Predicted label = P


../data/images/test/D/001.jpg	D
Resizing image to 100...
Done!
Making background black...
Done!
Making skin white...
Done!
Removing arm...
Done!
Drawing contour around white color...
Done!
Centering the image...
Error while applying image transformation on image path '../data/images/test/D/001.jpg' with the following exception trace:
Traceback (most recent call last):
  File "./predict_from_file.py", line 32, in main
    frame = apply_image_transformation(frame)
  File "/home/saif/Desktop/Minor/code/common/image_transformation.py", line 172, in apply_image_transformation
    frame = centre_frame(frame, contour_dimensions)
  File "/home/saif/Desktop/Minor/code/common/image_transformation.py", line 159, in centre_frame
    raise Exception(log_message)
Exception: No contour found!!



../data/images/test/X/001.jpg	X
Resizing image to 100...
Done!
Making background black...
Done!
Making skin white...
Done!
Removing arm...
Done!
Drawing contour around white color...
Done!
Centering the image...
Done!
Resizing image to 30...
Done!
Predicted label = X


../data/images/test/Q/001.jpg	Q
Resizing image to 100...
Done!
Making background black...
Done!
Making skin white...
Done!
Removing arm...
Done!
Drawing contour around white color...
Done!
Centering the image...
Done!
Resizing image to 30...
Done!
Predicted label = Q


../data/images/test/B/001.jpg	B
Resizing image to 100...
Done!
Making background black...
Done!
Making skin white...
Done!
Removing arm...
Done!
Drawing contour around white color...
Done!
Centering the image...
Done!
Resizing image to 30...
Done!
Predicted label = B


../data/images/test/H/001.jpg	H
Resizing image to 100...
Done!
Making background black...
Done!
Making skin white...
Done!
Removing arm...
Done!
Drawing contour around white color...
Done!
Centering the image...
Done!
Resizing image to 30...
Done!
Predicted label = H


../data/images/test/R/001.jpg	R
Resizing image to 100...
Done!
Making background black...
Done!
Making skin white...
Done!
Removing arm...
Done!
Drawing contour around white color...
Done!
Centering the image...
Done!
Resizing image to 30...
Done!
Predicted label = R


../data/images/test/L/001.jpg	L
Resizing image to 100...
Done!
Making background black...
Done!
Making skin white...
Done!
Removing arm...
Done!
Drawing contour around white color...
Done!
Centering the image...
Done!
Resizing image to 30...
Done!
Predicted label = L


../data/images/test/U/001.jpg	U
Resizing image to 100...
Done!
Making background black...
Done!
Making skin white...
Done!
Removing arm...
Done!
Drawing contour around white color...
Done!
Centering the image...
Done!
Resizing image to 30...
Done!
Predicted label = U


../data/images/test/Y/001.jpg	Y
Resizing image to 100...
Done!
Making background black...
Done!
Making skin white...
Done!
Removing arm...
Done!
Drawing contour around white color...
Done!
Centering the image...
Done!
Resizing image to 30...
Done!
Predicted label = Y


../data/images/test/F/001.jpg	F
Resizing image to 100...
Done!
Making background black...
Done!
Making skin white...
Done!
Removing arm...
Done!
Drawing contour around white color...
Done!
Centering the image...
Done!
Resizing image to 30...
Done!
Predicted label = F


../data/images/test/K/001.jpg	K
Resizing image to 100...
Done!
Making background black...
Done!
Making skin white...
Done!
Removing arm...
Done!
Drawing contour around white color...
Done!
Centering the image...
Done!
Resizing image to 30...
Done!
Predicted label = K


../data/images/test/T/001.jpg	T
Resizing image to 100...
Done!
Making background black...
Done!
Making skin white...
Done!
Removing arm...
Done!
Drawing contour around white color...
Done!
Centering the image...
Done!
Resizing image to 30...
Done!
Predicted label = T


../data/images/test/A/001.jpg	A
Resizing image to 100...
Done!
Making background black...
Done!
Making skin white...
Done!
Removing arm...
Done!
Drawing contour around white color...
Done!
Centering the image...
Done!
Resizing image to 30...
Done!
Predicted label = A
The program completed successfully !!
